# JRE version: OpenJDK Runtime Environment (15.0.2+7) (build 15.0.2+7-27)
# Java VM: OpenJDK 64-Bit Server VM (15.0.2+7-27, mixed mode, tiered, compressed oops, g1 gc, windows-amd64)
GC Precious Log:
 CPUs: 12 total, 12 available
 Memory: 16330M
 Large Page Support: Disabled
 NUMA Support: Disabled
 Compressed Oops: Enabled (Zero based)
 Heap Region Size: 2M
 Heap Min Capacity: 8M
 Heap Initial Capacity: 256M
 Heap Max Capacity: 4084M
 Pre-touch: Disabled
 Parallel Workers: 10
 Concurrent Workers: 3
 Concurrent Refinement Workers: 10
 Periodic GC: Disabled
Heap:
 garbage-first heap   total 81920K, used 62057K [0x0000000700c00000, 0x0000000800000000)
  region size 2048K, 10 young (20480K), 2 survivors (4096K)
 Metaspace       used 101817K, capacity 105275K, committed 105600K, reserved 1142784K
  class space    used 11070K, capacity 12297K, committed 12416K, reserved 1048576K
GC Heap History (20 events):
Event: 2960.753 GC heap after
{Heap after GC invocations=237 (full 44):
 garbage-first heap   total 81920K, used 43367K [0x0000000700c00000, 0x0000000800000000)
  region size 2048K, 2 young (4096K), 2 survivors (4096K)
 Metaspace       used 100841K, capacity 104409K, committed 104704K, reserved 1142784K
  class space    used 10972K, capacity 12185K, committed 12288K, reserved 1048576K
}
Event: 2960.815 GC heap before
{Heap before GC invocations=237 (full 44):
 garbage-first heap   total 81920K, used 63847K [0x0000000700c00000, 0x0000000800000000)
  region size 2048K, 12 young (24576K), 2 survivors (4096K)
 Metaspace       used 100938K, capacity 104481K, committed 104704K, reserved 1142784K
  class space    used 10979K, capacity 12186K, committed 12288K, reserved 1048576K
}
Event: 2960.818 GC heap after
{Heap after GC invocations=238 (full 44):
 garbage-first heap   total 81920K, used 44790K [0x0000000700c00000, 0x0000000800000000)
  region size 2048K, 2 young (4096K), 2 survivors (4096K)
 Metaspace       used 100938K, capacity 104481K, committed 104704K, reserved 1142784K
  class space    used 10979K, capacity 12186K, committed 12288K, reserved 1048576K
}
Event: 3120.999 GC heap before
{Heap before GC invocations=238 (full 44):
 garbage-first heap   total 81920K, used 63222K [0x0000000700c00000, 0x0000000800000000)
  region size 2048K, 11 young (22528K), 2 survivors (4096K)
 Metaspace       used 101049K, capacity 104551K, committed 104704K, reserved 1142784K
  class space    used 10984K, capacity 12187K, committed 12288K, reserved 1048576K
}
Event: 3121.002 GC heap after
{Heap after GC invocations=239 (full 44):
 garbage-first heap   total 81920K, used 45399K [0x0000000700c00000, 0x0000000800000000)
  region size 2048K, 2 young (4096K), 2 survivors (4096K)
 Metaspace       used 101049K, capacity 104551K, committed 104704K, reserved 1142784K
  class space    used 10984K, capacity 12187K, committed 12288K, reserved 1048576K
}
Event: 3143.215 GC heap before
{Heap before GC invocations=239 (full 44):
 garbage-first heap   total 81920K, used 47447K [0x0000000700c00000, 0x0000000800000000)
  region size 2048K, 4 young (8192K), 2 survivors (4096K)
 Metaspace       used 101213K, capacity 104653K, committed 104960K, reserved 1142784K
  class space    used 11009K, capacity 12221K, committed 12288K, reserved 1048576K
}
Event: 3143.265 GC heap after
{Heap after GC invocations=240 (full 45):
 garbage-first heap   total 81920K, used 42651K [0x0000000700c00000, 0x0000000800000000)
  region size 2048K, 0 young (0K), 0 survivors (0K)
 Metaspace       used 101209K, capacity 104647K, committed 104960K, reserved 1142784K
  class space    used 11008K, capacity 12220K, committed 12288K, reserved 1048576K
}
Event: 3143.365 GC heap before
{Heap before GC invocations=240 (full 45):
 garbage-first heap   total 81920K, used 65179K [0x0000000700c00000, 0x0000000800000000)
  region size 2048K, 11 young (22528K), 0 survivors (0K)
 Metaspace       used 101223K, capacity 104665K, committed 104960K, reserved 1142784K
  class space    used 11011K, capacity 12224K, committed 12288K, reserved 1048576K
}
Event: 3143.367 GC heap after
{Heap after GC invocations=241 (full 45):
 garbage-first heap   total 81920K, used 44111K [0x0000000700c00000, 0x0000000800000000)
  region size 2048K, 1 young (2048K), 1 survivors (2048K)
 Metaspace       used 101223K, capacity 104665K, committed 104960K, reserved 1142784K
  class space    used 11011K, capacity 12224K, committed 12288K, reserved 1048576K
}
Event: 3143.546 GC heap before
{Heap before GC invocations=241 (full 45):
 garbage-first heap   total 81920K, used 62543K [0x0000000700c00000, 0x0000000800000000)
  region size 2048K, 11 young (22528K), 1 survivors (2048K)
 Metaspace       used 101280K, capacity 104769K, committed 104960K, reserved 1142784K
  class space    used 11017K, capacity 12260K, committed 12288K, reserved 1048576K
}
Event: 3143.549 GC heap after
{Heap after GC invocations=242 (full 45):
 garbage-first heap   total 81920K, used 44699K [0x0000000700c00000, 0x0000000800000000)
  region size 2048K, 1 young (2048K), 1 survivors (2048K)
 Metaspace       used 101280K, capacity 104769K, committed 104960K, reserved 1142784K
  class space    used 11017K, capacity 12260K, committed 12288K, reserved 1048576K
}
Event: 3143.551 GC heap before
{Heap before GC invocations=242 (full 45):
 garbage-first heap   total 81920K, used 63131K [0x0000000700c00000, 0x0000000800000000)
  region size 2048K, 11 young (22528K), 1 survivors (2048K)
 Metaspace       used 101280K, capacity 104769K, committed 104960K, reserved 1142784K
  class space    used 11017K, capacity 12260K, committed 12288K, reserved 1048576K
}
Event: 3143.553 GC heap after
{Heap after GC invocations=243 (full 45):
 garbage-first heap   total 81920K, used 44699K [0x0000000700c00000, 0x0000000800000000)
  region size 2048K, 1 young (2048K), 1 survivors (2048K)
 Metaspace       used 101280K, capacity 104769K, committed 104960K, reserved 1142784K
  class space    used 11017K, capacity 12260K, committed 12288K, reserved 1048576K
}
Event: 3143.586 GC heap before
{Heap before GC invocations=243 (full 45):
 garbage-first heap   total 81920K, used 63131K [0x0000000700c00000, 0x0000000800000000)
  region size 2048K, 11 young (22528K), 1 survivors (2048K)
 Metaspace       used 101280K, capacity 104769K, committed 104960K, reserved 1142784K
  class space    used 11017K, capacity 12260K, committed 12288K, reserved 1048576K
}
Event: 3143.588 GC heap after
{Heap after GC invocations=244 (full 45):
 garbage-first heap   total 81920K, used 45011K [0x0000000700c00000, 0x0000000800000000)
  region size 2048K, 2 young (4096K), 2 survivors (4096K)
 Metaspace       used 101280K, capacity 104769K, committed 104960K, reserved 1142784K
  class space    used 11017K, capacity 12260K, committed 12288K, reserved 1048576K
}
Event: 3143.641 GC heap before
{Heap before GC invocations=244 (full 45):
 garbage-first heap   total 81920K, used 63443K [0x0000000700c00000, 0x0000000800000000)
  region size 2048K, 11 young (22528K), 2 survivors (4096K)
 Metaspace       used 101452K, capacity 104969K, committed 105216K, reserved 1142784K
  class space    used 11029K, capacity 12261K, committed 12288K, reserved 1048576K
}
Event: 3143.644 GC heap after
{Heap after GC invocations=245 (full 45):
 garbage-first heap   total 81920K, used 46441K [0x0000000700c00000, 0x0000000800000000)
  region size 2048K, 2 young (4096K), 2 survivors (4096K)
 Metaspace       used 101452K, capacity 104969K, committed 105216K, reserved 1142784K
  class space    used 11029K, capacity 12261K, committed 12288K, reserved 1048576K
}
Event: 3143.703 GC heap before
{Heap before GC invocations=245 (full 45):
 garbage-first heap   total 81920K, used 62825K [0x0000000700c00000, 0x0000000800000000)
  region size 2048K, 10 young (20480K), 2 survivors (4096K)
 Metaspace       used 101581K, capacity 105042K, committed 105216K, reserved 1142784K
  class space    used 11036K, capacity 12262K, committed 12288K, reserved 1048576K
}
Event: 3143.705 GC heap after
{Heap after GC invocations=246 (full 45):
 garbage-first heap   total 81920K, used 46917K [0x0000000700c00000, 0x0000000800000000)
  region size 2048K, 2 young (4096K), 2 survivors (4096K)
 Metaspace       used 101581K, capacity 105042K, committed 105216K, reserved 1142784K
  class space    used 11036K, capacity 12262K, committed 12288K, reserved 1048576K
}
Event: 3210.078 GC heap before
{Heap before GC invocations=246 (full 45):
 garbage-first heap   total 81920K, used 59205K [0x0000000700c00000, 0x0000000800000000)
  region size 2048K, 10 young (20480K), 2 survivors (4096K)
 Metaspace       used 101817K, capacity 105275K, committed 105600K, reserved 1142784K
  class space    used 11070K, capacity 12297K, committed 12416K, reserved 1048576K
}

