# JRE version: OpenJDK Runtime Environment (15.0.2+7) (build 15.0.2+7-27)
# Java VM: OpenJDK 64-Bit Server VM (15.0.2+7-27, mixed mode, tiered, compressed oops, g1 gc, windows-amd64)
GC Precious Log:
 CPUs: 12 total, 12 available
 Memory: 16330M
 Large Page Support: Disabled
 NUMA Support: Disabled
 Compressed Oops: Enabled (Zero based)
 Heap Region Size: 2M
 Heap Min Capacity: 8M
 Heap Initial Capacity: 256M
 Heap Max Capacity: 4084M
 Pre-touch: Disabled
 Parallel Workers: 10
 Concurrent Workers: 3
 Concurrent Refinement Workers: 10
 Periodic GC: Disabled
Heap:
 garbage-first heap   total 90112K, used 51574K [0x0000000700c00000, 0x0000000800000000)
  region size 2048K, 6 young (12288K), 2 survivors (4096K)
 Metaspace       used 89857K, capacity 92490K, committed 92672K, reserved 1130496K
  class space    used 9978K, capacity 10736K, committed 10752K, reserved 1048576K
GC Heap History (20 events):
Event: 672.044 GC heap after
{Heap after GC invocations=120 (full 24):
 garbage-first heap   total 90112K, used 39175K [0x0000000700c00000, 0x0000000800000000)
  region size 2048K, 0 young (0K), 0 survivors (0K)
 Metaspace       used 88752K, capacity 91156K, committed 91264K, reserved 1130496K
  class space    used 9894K, capacity 10616K, committed 10624K, reserved 1048576K
}
Event: 672.174 GC heap before
{Heap before GC invocations=120 (full 24):
 garbage-first heap   total 90112K, used 69895K [0x0000000700c00000, 0x0000000800000000)
  region size 2048K, 15 young (30720K), 0 survivors (0K)
 Metaspace       used 88765K, capacity 91169K, committed 91264K, reserved 1130496K
  class space    used 9897K, capacity 10620K, committed 10624K, reserved 1048576K
}
Event: 672.176 GC heap after
{Heap after GC invocations=121 (full 24):
 garbage-first heap   total 90112K, used 40557K [0x0000000700c00000, 0x0000000800000000)
  region size 2048K, 1 young (2048K), 1 survivors (2048K)
 Metaspace       used 88765K, capacity 91169K, committed 91264K, reserved 1130496K
  class space    used 9897K, capacity 10620K, committed 10624K, reserved 1048576K
}
Event: 673.148 GC heap before
{Heap before GC invocations=121 (full 24):
 garbage-first heap   total 90112K, used 69229K [0x0000000700c00000, 0x0000000800000000)
  region size 2048K, 16 young (32768K), 1 survivors (2048K)
 Metaspace       used 88824K, capacity 91277K, committed 91392K, reserved 1130496K
  class space    used 9903K, capacity 10656K, committed 10752K, reserved 1048576K
}
Event: 673.150 GC heap after
{Heap after GC invocations=122 (full 24):
 garbage-first heap   total 90112K, used 41275K [0x0000000700c00000, 0x0000000800000000)
  region size 2048K, 2 young (4096K), 2 survivors (4096K)
 Metaspace       used 88824K, capacity 91277K, committed 91392K, reserved 1130496K
  class space    used 9903K, capacity 10656K, committed 10752K, reserved 1048576K
}
Event: 673.266 GC heap before
{Heap before GC invocations=122 (full 24):
 garbage-first heap   total 90112K, used 67899K [0x0000000700c00000, 0x0000000800000000)
  region size 2048K, 16 young (32768K), 2 survivors (4096K)
 Metaspace       used 88968K, capacity 91411K, committed 91648K, reserved 1130496K
  class space    used 9912K, capacity 10657K, committed 10752K, reserved 1048576K
}
Event: 673.269 GC heap after
{Heap after GC invocations=123 (full 24):
 garbage-first heap   total 90112K, used 41899K [0x0000000700c00000, 0x0000000800000000)
  region size 2048K, 2 young (4096K), 2 survivors (4096K)
 Metaspace       used 88968K, capacity 91411K, committed 91648K, reserved 1130496K
  class space    used 9912K, capacity 10657K, committed 10752K, reserved 1048576K
}
Event: 673.363 GC heap before
{Heap before GC invocations=123 (full 24):
 garbage-first heap   total 90112K, used 70571K [0x0000000700c00000, 0x0000000800000000)
  region size 2048K, 16 young (32768K), 2 survivors (4096K)
 Metaspace       used 89137K, capacity 91546K, committed 91648K, reserved 1130496K
  class space    used 9921K, capacity 10658K, committed 10752K, reserved 1048576K
}
Event: 673.367 GC heap after
{Heap after GC invocations=124 (full 24):
 garbage-first heap   total 90112K, used 44023K [0x0000000700c00000, 0x0000000800000000)
  region size 2048K, 2 young (4096K), 2 survivors (4096K)
 Metaspace       used 89137K, capacity 91546K, committed 91648K, reserved 1130496K
  class space    used 9921K, capacity 10658K, committed 10752K, reserved 1048576K
}
Event: 693.116 GC heap before
{Heap before GC invocations=124 (full 24):
 garbage-first heap   total 90112K, used 48119K [0x0000000700c00000, 0x0000000800000000)
  region size 2048K, 5 young (10240K), 2 survivors (4096K)
 Metaspace       used 89219K, capacity 91712K, committed 91904K, reserved 1130496K
  class space    used 9936K, capacity 10692K, committed 10752K, reserved 1048576K
}
Event: 693.158 GC heap after
{Heap after GC invocations=125 (full 25):
 garbage-first heap   total 90112K, used 39371K [0x0000000700c00000, 0x0000000800000000)
  region size 2048K, 0 young (0K), 0 survivors (0K)
 Metaspace       used 89219K, capacity 91712K, committed 91904K, reserved 1130496K
  class space    used 9936K, capacity 10692K, committed 10752K, reserved 1048576K
}
Event: 693.280 GC heap before
{Heap before GC invocations=125 (full 25):
 garbage-first heap   total 90112K, used 70091K [0x0000000700c00000, 0x0000000800000000)
  region size 2048K, 15 young (30720K), 0 survivors (0K)
 Metaspace       used 89244K, capacity 91788K, committed 91904K, reserved 1130496K
  class space    used 9939K, capacity 10696K, committed 10752K, reserved 1048576K
}
Event: 693.282 GC heap after
{Heap after GC invocations=126 (full 25):
 garbage-first heap   total 90112K, used 40792K [0x0000000700c00000, 0x0000000800000000)
  region size 2048K, 1 young (2048K), 1 survivors (2048K)
 Metaspace       used 89244K, capacity 91788K, committed 91904K, reserved 1130496K
  class space    used 9939K, capacity 10696K, committed 10752K, reserved 1048576K
}
Event: 694.162 GC heap before
{Heap before GC invocations=126 (full 25):
 garbage-first heap   total 90112K, used 67416K [0x0000000700c00000, 0x0000000800000000)
  region size 2048K, 15 young (30720K), 1 survivors (2048K)
 Metaspace       used 89306K, capacity 91896K, committed 92160K, reserved 1130496K
  class space    used 9944K, capacity 10732K, committed 10752K, reserved 1048576K
}
Event: 694.165 GC heap after
{Heap after GC invocations=127 (full 25):
 garbage-first heap   total 90112K, used 41536K [0x0000000700c00000, 0x0000000800000000)
  region size 2048K, 2 young (4096K), 2 survivors (4096K)
 Metaspace       used 89306K, capacity 91896K, committed 92160K, reserved 1130496K
  class space    used 9944K, capacity 10732K, committed 10752K, reserved 1048576K
}
Event: 694.220 GC heap before
{Heap before GC invocations=127 (full 25):
 garbage-first heap   total 90112K, used 68160K [0x0000000700c00000, 0x0000000800000000)
  region size 2048K, 16 young (32768K), 2 survivors (4096K)
 Metaspace       used 89458K, capacity 92030K, committed 92160K, reserved 1130496K
  class space    used 9953K, capacity 10733K, committed 10752K, reserved 1048576K
}
Event: 694.222 GC heap after
{Heap after GC invocations=128 (full 25):
 garbage-first heap   total 90112K, used 42035K [0x0000000700c00000, 0x0000000800000000)
  region size 2048K, 2 young (4096K), 2 survivors (4096K)
 Metaspace       used 89458K, capacity 92030K, committed 92160K, reserved 1130496K
  class space    used 9953K, capacity 10733K, committed 10752K, reserved 1048576K
}
Event: 694.312 GC heap before
{Heap before GC invocations=128 (full 25):
 garbage-first heap   total 90112K, used 70707K [0x0000000700c00000, 0x0000000800000000)
  region size 2048K, 16 young (32768K), 2 survivors (4096K)
 Metaspace       used 89629K, capacity 92292K, committed 92416K, reserved 1130496K
  class space    used 9962K, capacity 10734K, committed 10752K, reserved 1048576K
}
Event: 694.315 GC heap after
{Heap after GC invocations=129 (full 25):
 garbage-first heap   total 90112K, used 43786K [0x0000000700c00000, 0x0000000800000000)
  region size 2048K, 2 young (4096K), 2 survivors (4096K)
 Metaspace       used 89629K, capacity 92292K, committed 92416K, reserved 1130496K
  class space    used 9962K, capacity 10734K, committed 10752K, reserved 1048576K
}
Event: 704.026 GC heap before
{Heap before GC invocations=129 (full 25):
 garbage-first heap   total 90112K, used 49930K [0x0000000700c00000, 0x0000000800000000)
  region size 2048K, 6 young (12288K), 2 survivors (4096K)
 Metaspace       used 89857K, capacity 92490K, committed 92672K, reserved 1130496K
  class space    used 9978K, capacity 10736K, committed 10752K, reserved 1048576K
}

